<?xml version="1.0" encoding="UTF-8"?>
<testng-results total="1" passed="1" failed="0" skipped="0">
  <reporter-output>
  </reporter-output>
  <suite started-at="2022-08-02T09:11:11Z" name="Default suite" finished-at="2022-08-02T09:11:12Z" duration-ms="468">
    <groups>
    </groups>
    <test started-at="2022-08-02T09:11:11Z" name="Default test" finished-at="2022-08-02T09:11:12Z" duration-ms="468">
      <class name="gitpratice.GitCommand_2">
        <test-method signature="test1()[pri:0, instance:gitpratice.GitCommand_2@36f48b4]" started-at="2022-08-02T14:41:11Z" name="test1" finished-at="2022-08-02T14:41:12Z" duration-ms="315" status="PASS">
          <reporter-output>
          </reporter-output>
        </test-method> <!-- test1 -->
      </class> <!-- gitpratice.GitCommand_2 -->
    </test> <!-- Default test -->
  </suite> <!-- Default suite -->
</testng-results>
